<?xml version="1.0" encoding="UTF-8"?>
<testsuite xmlns:xsi="http://www.w3.org/2001/XMLSchema-instance" xsi:noNamespaceSchemaLocation="https://maven.apache.org/surefire/maven-surefire-plugin/xsd/surefire-test-report.xsd" name="io.quarkus.workshop.superheroes.hero.HeroResourceTest" time="13.485" tests="13" errors="0" skipped="0" failures="0">
  <properties>
    <property name="java.specification.version" value="15"/>
    <property name="sun.jnu.encoding" value="UTF-8"/>
    <property name="java.class.path" value="/Users/nag/Desktop/quarkus-batch/super-heroes/rest-hero/target/test-classes:/Users/nag/Desktop/quarkus-batch/super-heroes/rest-hero/target/classes:/Users/nag/.m2/repository/io/quarkus/quarkus-resteasy/1.12.0.Final/quarkus-resteasy-1.12.0.Final.jar:/Users/nag/.m2/repository/io/quarkus/quarkus-vertx-http/1.12.0.Final/quarkus-vertx-http-1.12.0.Final.jar:/Users/nag/.m2/repository/io/quarkus/quarkus-security-runtime-spi/1.12.0.Final/quarkus-security-runtime-spi-1.12.0.Final.jar:/Users/nag/.m2/repository/io/quarkus/quarkus-vertx-http-dev-console-runtime-spi/1.12.0.Final/quarkus-vertx-http-dev-console-runtime-spi-1.12.0.Final.jar:/Users/nag/.m2/repository/io/quarkus/security/quarkus-security/1.1.3.Final/quarkus-security-1.1.3.Final.jar:/Users/nag/.m2/repository/io/smallrye/reactive/mutiny/0.13.0/mutiny-0.13.0.jar:/Users/nag/.m2/repository/org/reactivestreams/reactive-streams/1.0.3/reactive-streams-1.0.3.jar:/Users/nag/.m2/repository/io/quarkus/quarkus-vertx-core/1.12.0.Final/quarkus-vertx-core-1.12.0.Final.jar:/Users/nag/.m2/repository/io/quarkus/quarkus-netty/1.12.0.Final/quarkus-netty-1.12.0.Final.jar:/Users/nag/.m2/repository/io/netty/netty-codec/4.1.49.Final/netty-codec-4.1.49.Final.jar:/Users/nag/.m2/repository/io/netty/netty-handler/4.1.49.Final/netty-handler-4.1.49.Final.jar:/Users/nag/.m2/repository/io/vertx/vertx-core/3.9.5/vertx-core-3.9.5.jar:/Users/nag/.m2/repository/io/netty/netty-common/4.1.49.Final/netty-common-4.1.49.Final.jar:/Users/nag/.m2/repository/io/netty/netty-buffer/4.1.49.Final/netty-buffer-4.1.49.Final.jar:/Users/nag/.m2/repository/io/netty/netty-transport/4.1.49.Final/netty-transport-4.1.49.Final.jar:/Users/nag/.m2/repository/io/netty/netty-handler-proxy/4.1.49.Final/netty-handler-proxy-4.1.49.Final.jar:/Users/nag/.m2/repository/io/netty/netty-codec-socks/4.1.49.Final/netty-codec-socks-4.1.49.Final.jar:/Users/nag/.m2/repository/io/netty/netty-codec-http/4.1.49.Final/netty-codec-http-4.1.49.Final.jar:/Users/nag/.m2/repository/io/netty/netty-codec-http2/4.1.49.Final/netty-codec-http2-4.1.49.Final.jar:/Users/nag/.m2/repository/io/netty/netty-resolver/4.1.49.Final/netty-resolver-4.1.49.Final.jar:/Users/nag/.m2/repository/io/netty/netty-resolver-dns/4.1.49.Final/netty-resolver-dns-4.1.49.Final.jar:/Users/nag/.m2/repository/io/netty/netty-codec-dns/4.1.49.Final/netty-codec-dns-4.1.49.Final.jar:/Users/nag/.m2/repository/io/vertx/vertx-web/3.9.5/vertx-web-3.9.5.jar:/Users/nag/.m2/repository/io/vertx/vertx-web-common/3.9.5/vertx-web-common-3.9.5.jar:/Users/nag/.m2/repository/io/vertx/vertx-auth-common/3.9.5/vertx-auth-common-3.9.5.jar:/Users/nag/.m2/repository/io/vertx/vertx-bridge-common/3.9.5/vertx-bridge-common-3.9.5.jar:/Users/nag/.m2/repository/io/quarkus/quarkus-resteasy-server-common/1.12.0.Final/quarkus-resteasy-server-common-1.12.0.Final.jar:/Users/nag/.m2/repository/io/quarkus/quarkus-resteasy-common/1.12.0.Final/quarkus-resteasy-common-1.12.0.Final.jar:/Users/nag/.m2/repository/org/jboss/resteasy/resteasy-core/4.5.9.Final/resteasy-core-4.5.9.Final.jar:/Users/nag/.m2/repository/org/jboss/spec/javax/ws/rs/jboss-jaxrs-api_2.1_spec/2.0.1.Final/jboss-jaxrs-api_2.1_spec-2.0.1.Final.jar:/Users/nag/.m2/repository/org/jboss/resteasy/resteasy-core-spi/4.5.9.Final/resteasy-core-spi-4.5.9.Final.jar:/Users/nag/.m2/repository/com/ibm/async/asyncutil/0.1.0/asyncutil-0.1.0.jar:/Users/nag/.m2/repository/com/sun/activation/jakarta.activation/1.2.1/jakarta.activation-1.2.1.jar:/Users/nag/.m2/repository/jakarta/validation/jakarta.validation-api/2.0.2/jakarta.validation-api-2.0.2.jar:/Users/nag/.m2/repository/io/quarkus/quarkus-resteasy-jsonb/1.12.0.Final/quarkus-resteasy-jsonb-1.12.0.Final.jar:/Users/nag/.m2/repository/io/quarkus/quarkus-jsonb/1.12.0.Final/quarkus-jsonb-1.12.0.Final.jar:/Users/nag/.m2/repository/org/eclipse/yasson/1.0.8/yasson-1.0.8.jar:/Users/nag/.m2/repository/org/jboss/resteasy/resteasy-json-binding-provider/4.5.9.Final/resteasy-json-binding-provider-4.5.9.Final.jar:/Users/nag/.m2/repository/org/glassfish/jakarta.json/1.1.6/jakarta.json-1.1.6.jar:/Users/nag/.m2/repository/jakarta/json/bind/jakarta.json.bind-api/1.0.2/jakarta.json.bind-api-1.0.2.jar:/Users/nag/.m2/repository/org/jboss/logging/jboss-logging/3.4.1.Final/jboss-logging-3.4.1.Final.jar:/Users/nag/.m2/repository/org/jboss/resteasy/resteasy-json-p-provider/4.5.9.Final/resteasy-json-p-provider-4.5.9.Final.jar:/Users/nag/.m2/repository/commons-io/commons-io/2.8.0/commons-io-2.8.0.jar:/Users/nag/.m2/repository/io/quarkus/quarkus-hibernate-orm-panache/1.12.0.Final/quarkus-hibernate-orm-panache-1.12.0.Final.jar:/Users/nag/.m2/repository/io/quarkus/quarkus-hibernate-orm/1.12.0.Final/quarkus-hibernate-orm-1.12.0.Final.jar:/Users/nag/.m2/repository/io/quarkus/quarkus-agroal/1.12.0.Final/quarkus-agroal-1.12.0.Final.jar:/Users/nag/.m2/repository/io/quarkus/quarkus-datasource/1.12.0.Final/quarkus-datasource-1.12.0.Final.jar:/Users/nag/.m2/repository/io/quarkus/quarkus-datasource-common/1.12.0.Final/quarkus-datasource-common-1.12.0.Final.jar:/Users/nag/.m2/repository/org/jboss/narayana/jta/narayana-jta/5.10.6.Final/narayana-jta-5.10.6.Final.jar:/Users/nag/.m2/repository/org/jboss/jboss-transaction-spi/7.6.0.Final/jboss-transaction-spi-7.6.0.Final.jar:/Users/nag/.m2/repository/org/jboss/spec/javax/resource/jboss-connector-api_1.7_spec/1.0.0.Final/jboss-connector-api_1.7_spec-1.0.0.Final.jar:/Users/nag/.m2/repository/org/jboss/narayana/jts/narayana-jts-integration/5.10.6.Final/narayana-jts-integration-5.10.6.Final.jar:/Users/nag/.m2/repository/io/agroal/agroal-api/1.9/agroal-api-1.9.jar:/Users/nag/.m2/repository/io/agroal/agroal-narayana/1.9/agroal-narayana-1.9.jar:/Users/nag/.m2/repository/io/agroal/agroal-pool/1.9/agroal-pool-1.9.jar:/Users/nag/.m2/repository/io/quarkus/quarkus-credentials/1.12.0.Final/quarkus-credentials-1.12.0.Final.jar:/Users/nag/.m2/repository/io/quarkus/quarkus-narayana-jta/1.12.0.Final/quarkus-narayana-jta-1.12.0.Final.jar:/Users/nag/.m2/repository/io/quarkus/quarkus-mutiny/1.12.0.Final/quarkus-mutiny-1.12.0.Final.jar:/Users/nag/.m2/repository/io/quarkus/quarkus-smallrye-context-propagation/1.12.0.Final/quarkus-smallrye-context-propagation-1.12.0.Final.jar:/Users/nag/.m2/repository/io/smallrye/smallrye-context-propagation/1.1.0/smallrye-context-propagation-1.1.0.jar:/Users/nag/.m2/repository/io/smallrye/smallrye-context-propagation-api/1.1.0/smallrye-context-propagation-api-1.1.0.jar:/Users/nag/.m2/repository/io/smallrye/smallrye-context-propagation-storage/1.1.0/smallrye-context-propagation-storage-1.1.0.jar:/Users/nag/.m2/repository/io/smallrye/reactive/mutiny-context-propagation/0.13.0/mutiny-context-propagation-0.13.0.jar:/Users/nag/.m2/repository/io/smallrye/smallrye-context-propagation-jta/1.1.0/smallrye-context-propagation-jta-1.1.0.jar:/Users/nag/.m2/repository/io/smallrye/reactive/smallrye-reactive-converter-api/1.4.0/smallrye-reactive-converter-api-1.4.0.jar:/Users/nag/.m2/repository/io/smallrye/reactive/smallrye-reactive-converter-mutiny/1.4.0/smallrye-reactive-converter-mutiny-1.4.0.jar:/Users/nag/.m2/repository/org/hibernate/hibernate-core/5.4.28.Final/hibernate-core-5.4.28.Final.jar:/Users/nag/.m2/repository/net/bytebuddy/byte-buddy/1.10.17/byte-buddy-1.10.17.jar:/Users/nag/.m2/repository/antlr/antlr/2.7.7/antlr-2.7.7.jar:/Users/nag/.m2/repository/org/dom4j/dom4j/2.1.3/dom4j-2.1.3.jar:/Users/nag/.m2/repository/org/hibernate/common/hibernate-commons-annotations/5.1.2.Final/hibernate-commons-annotations-5.1.2.Final.jar:/Users/nag/.m2/repository/org/hibernate/hibernate-graalvm/5.4.28.Final/hibernate-graalvm-5.4.28.Final.jar:/Users/nag/.m2/repository/org/glassfish/jaxb/jaxb-runtime/2.3.3-b02/jaxb-runtime-2.3.3-b02.jar:/Users/nag/.m2/repository/org/glassfish/jaxb/txw2/2.3.3-b02/txw2-2.3.3-b02.jar:/Users/nag/.m2/repository/com/sun/istack/istack-commons-runtime/3.0.10/istack-commons-runtime-3.0.10.jar:/Users/nag/.m2/repository/org/jboss/spec/javax/xml/bind/jboss-jaxb-api_2.3_spec/2.0.0.Final/jboss-jaxb-api_2.3_spec-2.0.0.Final.jar:/Users/nag/.m2/repository/jakarta/persistence/jakarta.persistence-api/2.2.3/jakarta.persistence-api-2.2.3.jar:/Users/nag/.m2/repository/jakarta/transaction/jakarta.transaction-api/1.3.3/jakarta.transaction-api-1.3.3.jar:/Users/nag/.m2/repository/org/hibernate/quarkus-local-cache/0.1.0/quarkus-local-cache-0.1.0.jar:/Users/nag/.m2/repository/com/github/ben-manes/caffeine/caffeine/2.8.8/caffeine-2.8.8.jar:/Users/nag/.m2/repository/com/google/errorprone/error_prone_annotations/2.2.0/error_prone_annotations-2.2.0.jar:/Users/nag/.m2/repository/io/quarkus/quarkus-caffeine/1.12.0.Final/quarkus-caffeine-1.12.0.Final.jar:/Users/nag/.m2/repository/io/quarkus/quarkus-hibernate-orm-panache-common/1.12.0.Final/quarkus-hibernate-orm-panache-common-1.12.0.Final.jar:/Users/nag/.m2/repository/io/quarkus/quarkus-panache-hibernate-common/1.12.0.Final/quarkus-panache-hibernate-common-1.12.0.Final.jar:/Users/nag/.m2/repository/io/quarkus/quarkus-arc/1.12.0.Final/quarkus-arc-1.12.0.Final.jar:/Users/nag/.m2/repository/io/quarkus/arc/arc/1.12.0.Final/arc-1.12.0.Final.jar:/Users/nag/.m2/repository/org/eclipse/microprofile/context-propagation/microprofile-context-propagation-api/1.0.1/microprofile-context-propagation-api-1.0.1.jar:/Users/nag/.m2/repository/io/quarkus/quarkus-panache-common/1.12.0.Final/quarkus-panache-common-1.12.0.Final.jar:/Users/nag/.m2/repository/io/quarkus/quarkus-jdbc-postgresql/1.12.0.Final/quarkus-jdbc-postgresql-1.12.0.Final.jar:/Users/nag/.m2/repository/org/postgresql/postgresql/42.2.18/postgresql-42.2.18.jar:/Users/nag/.m2/repository/io/quarkus/quarkus-hibernate-validator/1.12.0.Final/quarkus-hibernate-validator-1.12.0.Final.jar:/Users/nag/.m2/repository/io/quarkus/quarkus-core/1.12.0.Final/quarkus-core-1.12.0.Final.jar:/Users/nag/.m2/repository/jakarta/annotation/jakarta.annotation-api/1.3.5/jakarta.annotation-api-1.3.5.jar:/Users/nag/.m2/repository/jakarta/enterprise/jakarta.enterprise.cdi-api/2.0.2/jakarta.enterprise.cdi-api-2.0.2.jar:/Users/nag/.m2/repository/jakarta/el/jakarta.el-api/3.0.3/jakarta.el-api-3.0.3.jar:/Users/nag/.m2/repository/jakarta/interceptor/jakarta.interceptor-api/1.2.5/jakarta.interceptor-api-1.2.5.jar:/Users/nag/.m2/repository/jakarta/inject/jakarta.inject-api/1.0/jakarta.inject-api-1.0.jar:/Users/nag/.m2/repository/io/quarkus/quarkus-ide-launcher/1.12.0.Final/quarkus-ide-launcher-1.12.0.Final.jar:/Users/nag/.m2/repository/io/quarkus/quarkus-development-mode-spi/1.12.0.Final/quarkus-development-mode-spi-1.12.0.Final.jar:/Users/nag/.m2/repository/io/smallrye/config/smallrye-config/1.10.2/smallrye-config-1.10.2.jar:/Users/nag/.m2/repository/io/smallrye/common/smallrye-common-annotation/1.5.0/smallrye-common-annotation-1.5.0.jar:/Users/nag/.m2/repository/io/smallrye/config/smallrye-config-common/1.10.2/smallrye-config-common-1.10.2.jar:/Users/nag/.m2/repository/io/smallrye/common/smallrye-common-expression/1.5.0/smallrye-common-expression-1.5.0.jar:/Users/nag/.m2/repository/io/smallrye/common/smallrye-common-function/1.5.0/smallrye-common-function-1.5.0.jar:/Users/nag/.m2/repository/io/smallrye/common/smallrye-common-constraint/1.5.0/smallrye-common-constraint-1.5.0.jar:/Users/nag/.m2/repository/io/smallrye/common/smallrye-common-classloader/1.5.0/smallrye-common-classloader-1.5.0.jar:/Users/nag/.m2/repository/org/jboss/logmanager/jboss-logmanager-embedded/1.0.6/jboss-logmanager-embedded-1.0.6.jar:/Users/nag/.m2/repository/org/jboss/logging/jboss-logging-annotations/2.2.0.Final/jboss-logging-annotations-2.2.0.Final.jar:/Users/nag/.m2/repository/org/jboss/threads/jboss-threads/3.2.0.Final/jboss-threads-3.2.0.Final.jar:/Users/nag/.m2/repository/org/slf4j/slf4j-api/1.7.30/slf4j-api-1.7.30.jar:/Users/nag/.m2/repository/org/jboss/slf4j/slf4j-jboss-logmanager/1.1.0.Final/slf4j-jboss-logmanager-1.1.0.Final.jar:/Users/nag/.m2/repository/org/graalvm/sdk/graal-sdk/21.0.0/graal-sdk-21.0.0.jar:/Users/nag/.m2/repository/org/wildfly/common/wildfly-common/1.5.4.Final-format-001/wildfly-common-1.5.4.Final-format-001.jar:/Users/nag/.m2/repository/io/quarkus/quarkus-bootstrap-runner/1.12.0.Final/quarkus-bootstrap-runner-1.12.0.Final.jar:/Users/nag/.m2/repository/org/hibernate/validator/hibernate-validator/6.2.0.Final/hibernate-validator-6.2.0.Final.jar:/Users/nag/.m2/repository/com/fasterxml/classmate/1.3.4/classmate-1.3.4.jar:/Users/nag/.m2/repository/org/glassfish/jakarta.el/3.0.3/jakarta.el-3.0.3.jar:/Users/nag/.m2/repository/io/quarkus/quarkus-smallrye-openapi/1.12.0.Final/quarkus-smallrye-openapi-1.12.0.Final.jar:/Users/nag/.m2/repository/io/smallrye/smallrye-open-api-core/2.0.22/smallrye-open-api-core-2.0.22.jar:/Users/nag/.m2/repository/org/eclipse/microprofile/openapi/microprofile-openapi-api/1.1.2/microprofile-openapi-api-1.1.2.jar:/Users/nag/.m2/repository/org/eclipse/microprofile/config/microprofile-config-api/1.4/microprofile-config-api-1.4.jar:/Users/nag/.m2/repository/com/fasterxml/jackson/dataformat/jackson-dataformat-yaml/2.12.1/jackson-dataformat-yaml-2.12.1.jar:/Users/nag/.m2/repository/org/yaml/snakeyaml/1.27/snakeyaml-1.27.jar:/Users/nag/.m2/repository/org/jboss/jandex/2.2.3.Final/jandex-2.2.3.Final.jar:/Users/nag/.m2/repository/io/quarkus/quarkus-swagger-ui/1.12.0.Final/quarkus-swagger-ui-1.12.0.Final.jar:/Users/nag/.m2/repository/io/quarkus/quarkus-smallrye-health/1.12.0.Final/quarkus-smallrye-health-1.12.0.Final.jar:/Users/nag/.m2/repository/io/smallrye/smallrye-health/2.2.5/smallrye-health-2.2.5.jar:/Users/nag/.m2/repository/org/eclipse/microprofile/health/microprofile-health-api/2.2/microprofile-health-api-2.2.jar:/Users/nag/.m2/repository/io/smallrye/smallrye-health-api/2.2.5/smallrye-health-api-2.2.5.jar:/Users/nag/.m2/repository/io/smallrye/smallrye-health-provided-checks/2.2.5/smallrye-health-provided-checks-2.2.5.jar:/Users/nag/.m2/repository/io/quarkus/quarkus-jsonp/1.12.0.Final/quarkus-jsonp-1.12.0.Final.jar:/Users/nag/.m2/repository/io/quarkus/quarkus-smallrye-metrics/1.12.0.Final/quarkus-smallrye-metrics-1.12.0.Final.jar:/Users/nag/.m2/repository/io/smallrye/smallrye-metrics/2.4.5/smallrye-metrics-2.4.5.jar:/Users/nag/.m2/repository/io/smallrye/smallrye-metrics-api/2.4.5/smallrye-metrics-api-2.4.5.jar:/Users/nag/.m2/repository/org/eclipse/microprofile/metrics/microprofile-metrics-api/2.3/microprofile-metrics-api-2.3.jar:/Users/nag/.m2/repository/io/quarkus/quarkus-junit5/1.12.0.Final/quarkus-junit5-1.12.0.Final.jar:/Users/nag/.m2/repository/io/quarkus/quarkus-bootstrap-core/1.12.0.Final/quarkus-bootstrap-core-1.12.0.Final.jar:/Users/nag/.m2/repository/io/quarkus/quarkus-bootstrap-app-model/1.12.0.Final/quarkus-bootstrap-app-model-1.12.0.Final.jar:/Users/nag/.m2/repository/io/quarkus/quarkus-bootstrap-maven-resolver/1.12.0.Final/quarkus-bootstrap-maven-resolver-1.12.0.Final.jar:/Users/nag/.m2/repository/org/apache/maven/maven-embedder/3.6.3/maven-embedder-3.6.3.jar:/Users/nag/.m2/repository/org/apache/maven/maven-settings/3.6.3/maven-settings-3.6.3.jar:/Users/nag/.m2/repository/org/apache/maven/maven-core/3.6.3/maven-core-3.6.3.jar:/Users/nag/.m2/repository/org/apache/maven/maven-artifact/3.6.3/maven-artifact-3.6.3.jar:/Users/nag/.m2/repository/org/codehaus/plexus/plexus-component-annotations/2.1.0/plexus-component-annotations-2.1.0.jar:/Users/nag/.m2/repository/org/apache/maven/maven-plugin-api/3.6.3/maven-plugin-api-3.6.3.jar:/Users/nag/.m2/repository/org/apache/maven/maven-model/3.6.3/maven-model-3.6.3.jar:/Users/nag/.m2/repository/org/apache/maven/maven-model-builder/3.6.3/maven-model-builder-3.6.3.jar:/Users/nag/.m2/repository/org/apache/maven/maven-builder-support/3.6.3/maven-builder-support-3.6.3.jar:/Users/nag/.m2/repository/org/apache/maven/resolver/maven-resolver-api/1.4.1/maven-resolver-api-1.4.1.jar:/Users/nag/.m2/repository/org/apache/maven/resolver/maven-resolver-util/1.4.1/maven-resolver-util-1.4.1.jar:/Users/nag/.m2/repository/org/apache/maven/shared/maven-shared-utils/3.2.1/maven-shared-utils-3.2.1.jar:/Users/nag/.m2/repository/com/google/inject/guice/4.2.1/guice-4.2.1-no_aop.jar:/Users/nag/.m2/repository/com/google/guava/guava/30.1-jre/guava-30.1-jre.jar:/Users/nag/.m2/repository/com/google/guava/failureaccess/1.0.1/failureaccess-1.0.1.jar:/Users/nag/.m2/repository/com/google/guava/listenablefuture/9999.0-empty-to-avoid-conflict-with-guava/listenablefuture-9999.0-empty-to-avoid-conflict-with-guava.jar:/Users/nag/.m2/repository/org/codehaus/plexus/plexus-utils/3.2.1/plexus-utils-3.2.1.jar:/Users/nag/.m2/repository/org/codehaus/plexus/plexus-classworlds/2.6.0/plexus-classworlds-2.6.0.jar:/Users/nag/.m2/repository/commons-cli/commons-cli/1.4/commons-cli-1.4.jar:/Users/nag/.m2/repository/org/eclipse/sisu/org.eclipse.sisu.plexus/0.3.4/org.eclipse.sisu.plexus-0.3.4.jar:/Users/nag/.m2/repository/org/apache/maven/maven-settings-builder/3.6.3/maven-settings-builder-3.6.3.jar:/Users/nag/.m2/repository/org/codehaus/plexus/plexus-interpolation/1.25/plexus-interpolation-1.25.jar:/Users/nag/.m2/repository/org/sonatype/plexus/plexus-sec-dispatcher/1.4/plexus-sec-dispatcher-1.4.jar:/Users/nag/.m2/repository/org/sonatype/plexus/plexus-cipher/1.4/plexus-cipher-1.4.jar:/Users/nag/.m2/repository/org/apache/maven/maven-resolver-provider/3.6.3/maven-resolver-provider-3.6.3.jar:/Users/nag/.m2/repository/org/apache/maven/maven-repository-metadata/3.6.3/maven-repository-metadata-3.6.3.jar:/Users/nag/.m2/repository/org/apache/maven/resolver/maven-resolver-spi/1.4.1/maven-resolver-spi-1.4.1.jar:/Users/nag/.m2/repository/org/apache/maven/resolver/maven-resolver-impl/1.4.1/maven-resolver-impl-1.4.1.jar:/Users/nag/.m2/repository/org/apache/maven/resolver/maven-resolver-connector-basic/1.4.1/maven-resolver-connector-basic-1.4.1.jar:/Users/nag/.m2/repository/org/apache/maven/resolver/maven-resolver-transport-wagon/1.4.1/maven-resolver-transport-wagon-1.4.1.jar:/Users/nag/.m2/repository/org/apache/maven/wagon/wagon-http/3.3.4/wagon-http-3.3.4.jar:/Users/nag/.m2/repository/org/apache/maven/wagon/wagon-http-shared/3.3.4/wagon-http-shared-3.3.4.jar:/Users/nag/.m2/repository/org/jsoup/jsoup/1.12.1/jsoup-1.12.1.jar:/Users/nag/.m2/repository/org/apache/maven/wagon/wagon-provider-api/3.3.4/wagon-provider-api-3.3.4.jar:/Users/nag/.m2/repository/org/apache/maven/wagon/wagon-file/3.3.4/wagon-file-3.3.4.jar:/Users/nag/.m2/repository/io/quarkus/quarkus-bootstrap-gradle-resolver/1.12.0.Final/quarkus-bootstrap-gradle-resolver-1.12.0.Final.jar:/Users/nag/.m2/repository/io/smallrye/common/smallrye-common-io/1.5.0/smallrye-common-io-1.5.0.jar:/Users/nag/.m2/repository/org/eclipse/sisu/org.eclipse.sisu.inject/0.3.4/org.eclipse.sisu.inject-0.3.4.jar:/Users/nag/.m2/repository/io/quarkus/quarkus-test-common/1.12.0.Final/quarkus-test-common-1.12.0.Final.jar:/Users/nag/.m2/repository/io/quarkus/quarkus-core-deployment/1.12.0.Final/quarkus-core-deployment-1.12.0.Final.jar:/Users/nag/.m2/repository/io/quarkus/gizmo/gizmo/1.0.6.Final/gizmo-1.0.6.Final.jar:/Users/nag/.m2/repository/org/ow2/asm/asm-util/9.0/asm-util-9.0.jar:/Users/nag/.m2/repository/org/ow2/asm/asm-tree/9.0/asm-tree-9.0.jar:/Users/nag/.m2/repository/org/ow2/asm/asm-analysis/9.0/asm-analysis-9.0.jar:/Users/nag/.m2/repository/org/ow2/asm/asm/9.0/asm-9.0.jar:/Users/nag/.m2/repository/io/quarkus/quarkus-class-change-agent/1.12.0.Final/quarkus-class-change-agent-1.12.0.Final.jar:/Users/nag/.m2/repository/io/quarkus/quarkus-devtools-utilities/1.12.0.Final/quarkus-devtools-utilities-1.12.0.Final.jar:/Users/nag/.m2/repository/io/quarkus/quarkus-builder/1.12.0.Final/quarkus-builder-1.12.0.Final.jar:/Users/nag/.m2/repository/io/quarkus/quarkus-jsonp-deployment/1.12.0.Final/quarkus-jsonp-deployment-1.12.0.Final.jar:/Users/nag/.m2/repository/org/jboss/logging/commons-logging-jboss-logging/1.0.0.Final/commons-logging-jboss-logging-1.0.0.Final.jar:/Users/nag/.m2/repository/org/junit/jupiter/junit-jupiter/5.7.1/junit-jupiter-5.7.1.jar:/Users/nag/.m2/repository/org/junit/jupiter/junit-jupiter-params/5.7.1/junit-jupiter-params-5.7.1.jar:/Users/nag/.m2/repository/org/junit/jupiter/junit-jupiter-engine/5.7.1/junit-jupiter-engine-5.7.1.jar:/Users/nag/.m2/repository/org/junit/platform/junit-platform-engine/1.7.1/junit-platform-engine-1.7.1.jar:/Users/nag/.m2/repository/com/thoughtworks/xstream/xstream/1.4.15/xstream-1.4.15.jar:/Users/nag/.m2/repository/xmlpull/xmlpull/1.1.3.1/xmlpull-1.1.3.1.jar:/Users/nag/.m2/repository/xpp3/xpp3_min/1.1.4c/xpp3_min-1.1.4c.jar:/Users/nag/.m2/repository/io/rest-assured/rest-assured/4.3.3/rest-assured-4.3.3.jar:/Users/nag/.m2/repository/org/codehaus/groovy/groovy/3.0.5/groovy-3.0.5.jar:/Users/nag/.m2/repository/org/codehaus/groovy/groovy-xml/3.0.7/groovy-xml-3.0.7.jar:/Users/nag/.m2/repository/org/apache/httpcomponents/httpclient/4.5.13/httpclient-4.5.13.jar:/Users/nag/.m2/repository/org/apache/httpcomponents/httpcore/4.4.14/httpcore-4.4.14.jar:/Users/nag/.m2/repository/commons-codec/commons-codec/1.14/commons-codec-1.14.jar:/Users/nag/.m2/repository/org/apache/httpcomponents/httpmime/4.5.13/httpmime-4.5.13.jar:/Users/nag/.m2/repository/org/hamcrest/hamcrest/2.1/hamcrest-2.1.jar:/Users/nag/.m2/repository/org/ccil/cowan/tagsoup/tagsoup/1.2.1/tagsoup-1.2.1.jar:/Users/nag/.m2/repository/io/rest-assured/json-path/4.3.3/json-path-4.3.3.jar:/Users/nag/.m2/repository/org/codehaus/groovy/groovy-json/3.0.5/groovy-json-3.0.5.jar:/Users/nag/.m2/repository/io/rest-assured/rest-assured-common/4.3.3/rest-assured-common-4.3.3.jar:/Users/nag/.m2/repository/io/rest-assured/xml-path/4.3.3/xml-path-4.3.3.jar:/Users/nag/.m2/repository/org/apache/commons/commons-lang3/3.11/commons-lang3-3.11.jar:/Users/nag/.m2/repository/jakarta/xml/bind/jakarta.xml.bind-api/2.3.3/jakarta.xml.bind-api-2.3.3.jar:/Users/nag/.m2/repository/jakarta/activation/jakarta.activation-api/1.2.1/jakarta.activation-api-1.2.1.jar:/Users/nag/.m2/repository/com/sun/xml/bind/jaxb-impl/2.3.3/jaxb-impl-2.3.3.jar:/Users/nag/.m2/repository/com/fasterxml/jackson/core/jackson-databind/2.12.1/jackson-databind-2.12.1.jar:/Users/nag/.m2/repository/com/fasterxml/jackson/core/jackson-annotations/2.12.1/jackson-annotations-2.12.1.jar:/Users/nag/.m2/repository/com/fasterxml/jackson/core/jackson-core/2.12.1/jackson-core-2.12.1.jar:/Users/nag/.m2/repository/org/testcontainers/junit-jupiter/1.15.2/junit-jupiter-1.15.2.jar:/Users/nag/.m2/repository/org/testcontainers/testcontainers/1.15.2/testcontainers-1.15.2.jar:/Users/nag/.m2/repository/junit/junit/4.13.1/junit-4.13.1.jar:/Users/nag/.m2/repository/org/hamcrest/hamcrest-core/1.3/hamcrest-core-1.3.jar:/Users/nag/.m2/repository/org/apache/commons/commons-compress/1.20/commons-compress-1.20.jar:/Users/nag/.m2/repository/org/rnorth/duct-tape/duct-tape/1.0.8/duct-tape-1.0.8.jar:/Users/nag/.m2/repository/org/rnorth/visible-assertions/visible-assertions/2.1.2/visible-assertions-2.1.2.jar:/Users/nag/.m2/repository/net/java/dev/jna/jna/5.3.1/jna-5.3.1.jar:/Users/nag/.m2/repository/com/github/docker-java/docker-java-api/3.2.7/docker-java-api-3.2.7.jar:/Users/nag/.m2/repository/com/github/docker-java/docker-java-transport-zerodep/3.2.7/docker-java-transport-zerodep-3.2.7.jar:/Users/nag/.m2/repository/com/github/docker-java/docker-java-transport/3.2.7/docker-java-transport-3.2.7.jar:/Users/nag/.m2/repository/org/junit/jupiter/junit-jupiter-api/5.7.1/junit-jupiter-api-5.7.1.jar:/Users/nag/.m2/repository/org/apiguardian/apiguardian-api/1.1.0/apiguardian-api-1.1.0.jar:/Users/nag/.m2/repository/org/opentest4j/opentest4j/1.2.0/opentest4j-1.2.0.jar:/Users/nag/.m2/repository/org/junit/platform/junit-platform-commons/1.7.1/junit-platform-commons-1.7.1.jar:/Users/nag/.m2/repository/org/testcontainers/postgresql/1.15.2/postgresql-1.15.2.jar:/Users/nag/.m2/repository/org/testcontainers/jdbc/1.15.2/jdbc-1.15.2.jar:/Users/nag/.m2/repository/org/testcontainers/database-commons/1.15.2/database-commons-1.15.2.jar:"/>
    <property name="java.vm.vendor" value="Oracle Corporation"/>
    <property name="sun.arch.data.model" value="64"/>
    <property name="java.vendor.url" value="https://openjdk.java.net/"/>
    <property name="os.name" value="Mac OS X"/>
    <property name="java.vm.specification.version" value="15"/>
    <property name="sun.java.launcher" value="SUN_STANDARD"/>
    <property name="user.country" value="IN"/>
    <property name="sun.boot.library.path" value="/usr/local/Cellar/openjdk/15.0.1/libexec/openjdk.jdk/Contents/Home/lib"/>
    <property name="sun.java.command" value="/Users/nag/Desktop/quarkus-batch/super-heroes/rest-hero/target/surefire/surefirebooter16694719840402182854.jar /Users/nag/Desktop/quarkus-batch/super-heroes/rest-hero/target/surefire 2021-03-04T11-31-21_797-jvmRun1 surefire12399658578715230502tmp surefire_016748273568986505659tmp"/>
    <property name="http.nonProxyHosts" value="local|*.local|169.254/16|*.169.254/16"/>
    <property name="jdk.debug" value="release"/>
    <property name="surefire.test.class.path" value="/Users/nag/Desktop/quarkus-batch/super-heroes/rest-hero/target/test-classes:/Users/nag/Desktop/quarkus-batch/super-heroes/rest-hero/target/classes:/Users/nag/.m2/repository/io/quarkus/quarkus-resteasy/1.12.0.Final/quarkus-resteasy-1.12.0.Final.jar:/Users/nag/.m2/repository/io/quarkus/quarkus-vertx-http/1.12.0.Final/quarkus-vertx-http-1.12.0.Final.jar:/Users/nag/.m2/repository/io/quarkus/quarkus-security-runtime-spi/1.12.0.Final/quarkus-security-runtime-spi-1.12.0.Final.jar:/Users/nag/.m2/repository/io/quarkus/quarkus-vertx-http-dev-console-runtime-spi/1.12.0.Final/quarkus-vertx-http-dev-console-runtime-spi-1.12.0.Final.jar:/Users/nag/.m2/repository/io/quarkus/security/quarkus-security/1.1.3.Final/quarkus-security-1.1.3.Final.jar:/Users/nag/.m2/repository/io/smallrye/reactive/mutiny/0.13.0/mutiny-0.13.0.jar:/Users/nag/.m2/repository/org/reactivestreams/reactive-streams/1.0.3/reactive-streams-1.0.3.jar:/Users/nag/.m2/repository/io/quarkus/quarkus-vertx-core/1.12.0.Final/quarkus-vertx-core-1.12.0.Final.jar:/Users/nag/.m2/repository/io/quarkus/quarkus-netty/1.12.0.Final/quarkus-netty-1.12.0.Final.jar:/Users/nag/.m2/repository/io/netty/netty-codec/4.1.49.Final/netty-codec-4.1.49.Final.jar:/Users/nag/.m2/repository/io/netty/netty-handler/4.1.49.Final/netty-handler-4.1.49.Final.jar:/Users/nag/.m2/repository/io/vertx/vertx-core/3.9.5/vertx-core-3.9.5.jar:/Users/nag/.m2/repository/io/netty/netty-common/4.1.49.Final/netty-common-4.1.49.Final.jar:/Users/nag/.m2/repository/io/netty/netty-buffer/4.1.49.Final/netty-buffer-4.1.49.Final.jar:/Users/nag/.m2/repository/io/netty/netty-transport/4.1.49.Final/netty-transport-4.1.49.Final.jar:/Users/nag/.m2/repository/io/netty/netty-handler-proxy/4.1.49.Final/netty-handler-proxy-4.1.49.Final.jar:/Users/nag/.m2/repository/io/netty/netty-codec-socks/4.1.49.Final/netty-codec-socks-4.1.49.Final.jar:/Users/nag/.m2/repository/io/netty/netty-codec-http/4.1.49.Final/netty-codec-http-4.1.49.Final.jar:/Users/nag/.m2/repository/io/netty/netty-codec-http2/4.1.49.Final/netty-codec-http2-4.1.49.Final.jar:/Users/nag/.m2/repository/io/netty/netty-resolver/4.1.49.Final/netty-resolver-4.1.49.Final.jar:/Users/nag/.m2/repository/io/netty/netty-resolver-dns/4.1.49.Final/netty-resolver-dns-4.1.49.Final.jar:/Users/nag/.m2/repository/io/netty/netty-codec-dns/4.1.49.Final/netty-codec-dns-4.1.49.Final.jar:/Users/nag/.m2/repository/io/vertx/vertx-web/3.9.5/vertx-web-3.9.5.jar:/Users/nag/.m2/repository/io/vertx/vertx-web-common/3.9.5/vertx-web-common-3.9.5.jar:/Users/nag/.m2/repository/io/vertx/vertx-auth-common/3.9.5/vertx-auth-common-3.9.5.jar:/Users/nag/.m2/repository/io/vertx/vertx-bridge-common/3.9.5/vertx-bridge-common-3.9.5.jar:/Users/nag/.m2/repository/io/quarkus/quarkus-resteasy-server-common/1.12.0.Final/quarkus-resteasy-server-common-1.12.0.Final.jar:/Users/nag/.m2/repository/io/quarkus/quarkus-resteasy-common/1.12.0.Final/quarkus-resteasy-common-1.12.0.Final.jar:/Users/nag/.m2/repository/org/jboss/resteasy/resteasy-core/4.5.9.Final/resteasy-core-4.5.9.Final.jar:/Users/nag/.m2/repository/org/jboss/spec/javax/ws/rs/jboss-jaxrs-api_2.1_spec/2.0.1.Final/jboss-jaxrs-api_2.1_spec-2.0.1.Final.jar:/Users/nag/.m2/repository/org/jboss/resteasy/resteasy-core-spi/4.5.9.Final/resteasy-core-spi-4.5.9.Final.jar:/Users/nag/.m2/repository/com/ibm/async/asyncutil/0.1.0/asyncutil-0.1.0.jar:/Users/nag/.m2/repository/com/sun/activation/jakarta.activation/1.2.1/jakarta.activation-1.2.1.jar:/Users/nag/.m2/repository/jakarta/validation/jakarta.validation-api/2.0.2/jakarta.validation-api-2.0.2.jar:/Users/nag/.m2/repository/io/quarkus/quarkus-resteasy-jsonb/1.12.0.Final/quarkus-resteasy-jsonb-1.12.0.Final.jar:/Users/nag/.m2/repository/io/quarkus/quarkus-jsonb/1.12.0.Final/quarkus-jsonb-1.12.0.Final.jar:/Users/nag/.m2/repository/org/eclipse/yasson/1.0.8/yasson-1.0.8.jar:/Users/nag/.m2/repository/org/jboss/resteasy/resteasy-json-binding-provider/4.5.9.Final/resteasy-json-binding-provider-4.5.9.Final.jar:/Users/nag/.m2/repository/org/glassfish/jakarta.json/1.1.6/jakarta.json-1.1.6.jar:/Users/nag/.m2/repository/jakarta/json/bind/jakarta.json.bind-api/1.0.2/jakarta.json.bind-api-1.0.2.jar:/Users/nag/.m2/repository/org/jboss/logging/jboss-logging/3.4.1.Final/jboss-logging-3.4.1.Final.jar:/Users/nag/.m2/repository/org/jboss/resteasy/resteasy-json-p-provider/4.5.9.Final/resteasy-json-p-provider-4.5.9.Final.jar:/Users/nag/.m2/repository/commons-io/commons-io/2.8.0/commons-io-2.8.0.jar:/Users/nag/.m2/repository/io/quarkus/quarkus-hibernate-orm-panache/1.12.0.Final/quarkus-hibernate-orm-panache-1.12.0.Final.jar:/Users/nag/.m2/repository/io/quarkus/quarkus-hibernate-orm/1.12.0.Final/quarkus-hibernate-orm-1.12.0.Final.jar:/Users/nag/.m2/repository/io/quarkus/quarkus-agroal/1.12.0.Final/quarkus-agroal-1.12.0.Final.jar:/Users/nag/.m2/repository/io/quarkus/quarkus-datasource/1.12.0.Final/quarkus-datasource-1.12.0.Final.jar:/Users/nag/.m2/repository/io/quarkus/quarkus-datasource-common/1.12.0.Final/quarkus-datasource-common-1.12.0.Final.jar:/Users/nag/.m2/repository/org/jboss/narayana/jta/narayana-jta/5.10.6.Final/narayana-jta-5.10.6.Final.jar:/Users/nag/.m2/repository/org/jboss/jboss-transaction-spi/7.6.0.Final/jboss-transaction-spi-7.6.0.Final.jar:/Users/nag/.m2/repository/org/jboss/spec/javax/resource/jboss-connector-api_1.7_spec/1.0.0.Final/jboss-connector-api_1.7_spec-1.0.0.Final.jar:/Users/nag/.m2/repository/org/jboss/narayana/jts/narayana-jts-integration/5.10.6.Final/narayana-jts-integration-5.10.6.Final.jar:/Users/nag/.m2/repository/io/agroal/agroal-api/1.9/agroal-api-1.9.jar:/Users/nag/.m2/repository/io/agroal/agroal-narayana/1.9/agroal-narayana-1.9.jar:/Users/nag/.m2/repository/io/agroal/agroal-pool/1.9/agroal-pool-1.9.jar:/Users/nag/.m2/repository/io/quarkus/quarkus-credentials/1.12.0.Final/quarkus-credentials-1.12.0.Final.jar:/Users/nag/.m2/repository/io/quarkus/quarkus-narayana-jta/1.12.0.Final/quarkus-narayana-jta-1.12.0.Final.jar:/Users/nag/.m2/repository/io/quarkus/quarkus-mutiny/1.12.0.Final/quarkus-mutiny-1.12.0.Final.jar:/Users/nag/.m2/repository/io/quarkus/quarkus-smallrye-context-propagation/1.12.0.Final/quarkus-smallrye-context-propagation-1.12.0.Final.jar:/Users/nag/.m2/repository/io/smallrye/smallrye-context-propagation/1.1.0/smallrye-context-propagation-1.1.0.jar:/Users/nag/.m2/repository/io/smallrye/smallrye-context-propagation-api/1.1.0/smallrye-context-propagation-api-1.1.0.jar:/Users/nag/.m2/repository/io/smallrye/smallrye-context-propagation-storage/1.1.0/smallrye-context-propagation-storage-1.1.0.jar:/Users/nag/.m2/repository/io/smallrye/reactive/mutiny-context-propagation/0.13.0/mutiny-context-propagation-0.13.0.jar:/Users/nag/.m2/repository/io/smallrye/smallrye-context-propagation-jta/1.1.0/smallrye-context-propagation-jta-1.1.0.jar:/Users/nag/.m2/repository/io/smallrye/reactive/smallrye-reactive-converter-api/1.4.0/smallrye-reactive-converter-api-1.4.0.jar:/Users/nag/.m2/repository/io/smallrye/reactive/smallrye-reactive-converter-mutiny/1.4.0/smallrye-reactive-converter-mutiny-1.4.0.jar:/Users/nag/.m2/repository/org/hibernate/hibernate-core/5.4.28.Final/hibernate-core-5.4.28.Final.jar:/Users/nag/.m2/repository/net/bytebuddy/byte-buddy/1.10.17/byte-buddy-1.10.17.jar:/Users/nag/.m2/repository/antlr/antlr/2.7.7/antlr-2.7.7.jar:/Users/nag/.m2/repository/org/dom4j/dom4j/2.1.3/dom4j-2.1.3.jar:/Users/nag/.m2/repository/org/hibernate/common/hibernate-commons-annotations/5.1.2.Final/hibernate-commons-annotations-5.1.2.Final.jar:/Users/nag/.m2/repository/org/hibernate/hibernate-graalvm/5.4.28.Final/hibernate-graalvm-5.4.28.Final.jar:/Users/nag/.m2/repository/org/glassfish/jaxb/jaxb-runtime/2.3.3-b02/jaxb-runtime-2.3.3-b02.jar:/Users/nag/.m2/repository/org/glassfish/jaxb/txw2/2.3.3-b02/txw2-2.3.3-b02.jar:/Users/nag/.m2/repository/com/sun/istack/istack-commons-runtime/3.0.10/istack-commons-runtime-3.0.10.jar:/Users/nag/.m2/repository/org/jboss/spec/javax/xml/bind/jboss-jaxb-api_2.3_spec/2.0.0.Final/jboss-jaxb-api_2.3_spec-2.0.0.Final.jar:/Users/nag/.m2/repository/jakarta/persistence/jakarta.persistence-api/2.2.3/jakarta.persistence-api-2.2.3.jar:/Users/nag/.m2/repository/jakarta/transaction/jakarta.transaction-api/1.3.3/jakarta.transaction-api-1.3.3.jar:/Users/nag/.m2/repository/org/hibernate/quarkus-local-cache/0.1.0/quarkus-local-cache-0.1.0.jar:/Users/nag/.m2/repository/com/github/ben-manes/caffeine/caffeine/2.8.8/caffeine-2.8.8.jar:/Users/nag/.m2/repository/com/google/errorprone/error_prone_annotations/2.2.0/error_prone_annotations-2.2.0.jar:/Users/nag/.m2/repository/io/quarkus/quarkus-caffeine/1.12.0.Final/quarkus-caffeine-1.12.0.Final.jar:/Users/nag/.m2/repository/io/quarkus/quarkus-hibernate-orm-panache-common/1.12.0.Final/quarkus-hibernate-orm-panache-common-1.12.0.Final.jar:/Users/nag/.m2/repository/io/quarkus/quarkus-panache-hibernate-common/1.12.0.Final/quarkus-panache-hibernate-common-1.12.0.Final.jar:/Users/nag/.m2/repository/io/quarkus/quarkus-arc/1.12.0.Final/quarkus-arc-1.12.0.Final.jar:/Users/nag/.m2/repository/io/quarkus/arc/arc/1.12.0.Final/arc-1.12.0.Final.jar:/Users/nag/.m2/repository/org/eclipse/microprofile/context-propagation/microprofile-context-propagation-api/1.0.1/microprofile-context-propagation-api-1.0.1.jar:/Users/nag/.m2/repository/io/quarkus/quarkus-panache-common/1.12.0.Final/quarkus-panache-common-1.12.0.Final.jar:/Users/nag/.m2/repository/io/quarkus/quarkus-jdbc-postgresql/1.12.0.Final/quarkus-jdbc-postgresql-1.12.0.Final.jar:/Users/nag/.m2/repository/org/postgresql/postgresql/42.2.18/postgresql-42.2.18.jar:/Users/nag/.m2/repository/io/quarkus/quarkus-hibernate-validator/1.12.0.Final/quarkus-hibernate-validator-1.12.0.Final.jar:/Users/nag/.m2/repository/io/quarkus/quarkus-core/1.12.0.Final/quarkus-core-1.12.0.Final.jar:/Users/nag/.m2/repository/jakarta/annotation/jakarta.annotation-api/1.3.5/jakarta.annotation-api-1.3.5.jar:/Users/nag/.m2/repository/jakarta/enterprise/jakarta.enterprise.cdi-api/2.0.2/jakarta.enterprise.cdi-api-2.0.2.jar:/Users/nag/.m2/repository/jakarta/el/jakarta.el-api/3.0.3/jakarta.el-api-3.0.3.jar:/Users/nag/.m2/repository/jakarta/interceptor/jakarta.interceptor-api/1.2.5/jakarta.interceptor-api-1.2.5.jar:/Users/nag/.m2/repository/jakarta/inject/jakarta.inject-api/1.0/jakarta.inject-api-1.0.jar:/Users/nag/.m2/repository/io/quarkus/quarkus-ide-launcher/1.12.0.Final/quarkus-ide-launcher-1.12.0.Final.jar:/Users/nag/.m2/repository/io/quarkus/quarkus-development-mode-spi/1.12.0.Final/quarkus-development-mode-spi-1.12.0.Final.jar:/Users/nag/.m2/repository/io/smallrye/config/smallrye-config/1.10.2/smallrye-config-1.10.2.jar:/Users/nag/.m2/repository/io/smallrye/common/smallrye-common-annotation/1.5.0/smallrye-common-annotation-1.5.0.jar:/Users/nag/.m2/repository/io/smallrye/config/smallrye-config-common/1.10.2/smallrye-config-common-1.10.2.jar:/Users/nag/.m2/repository/io/smallrye/common/smallrye-common-expression/1.5.0/smallrye-common-expression-1.5.0.jar:/Users/nag/.m2/repository/io/smallrye/common/smallrye-common-function/1.5.0/smallrye-common-function-1.5.0.jar:/Users/nag/.m2/repository/io/smallrye/common/smallrye-common-constraint/1.5.0/smallrye-common-constraint-1.5.0.jar:/Users/nag/.m2/repository/io/smallrye/common/smallrye-common-classloader/1.5.0/smallrye-common-classloader-1.5.0.jar:/Users/nag/.m2/repository/org/jboss/logmanager/jboss-logmanager-embedded/1.0.6/jboss-logmanager-embedded-1.0.6.jar:/Users/nag/.m2/repository/org/jboss/logging/jboss-logging-annotations/2.2.0.Final/jboss-logging-annotations-2.2.0.Final.jar:/Users/nag/.m2/repository/org/jboss/threads/jboss-threads/3.2.0.Final/jboss-threads-3.2.0.Final.jar:/Users/nag/.m2/repository/org/slf4j/slf4j-api/1.7.30/slf4j-api-1.7.30.jar:/Users/nag/.m2/repository/org/jboss/slf4j/slf4j-jboss-logmanager/1.1.0.Final/slf4j-jboss-logmanager-1.1.0.Final.jar:/Users/nag/.m2/repository/org/graalvm/sdk/graal-sdk/21.0.0/graal-sdk-21.0.0.jar:/Users/nag/.m2/repository/org/wildfly/common/wildfly-common/1.5.4.Final-format-001/wildfly-common-1.5.4.Final-format-001.jar:/Users/nag/.m2/repository/io/quarkus/quarkus-bootstrap-runner/1.12.0.Final/quarkus-bootstrap-runner-1.12.0.Final.jar:/Users/nag/.m2/repository/org/hibernate/validator/hibernate-validator/6.2.0.Final/hibernate-validator-6.2.0.Final.jar:/Users/nag/.m2/repository/com/fasterxml/classmate/1.3.4/classmate-1.3.4.jar:/Users/nag/.m2/repository/org/glassfish/jakarta.el/3.0.3/jakarta.el-3.0.3.jar:/Users/nag/.m2/repository/io/quarkus/quarkus-smallrye-openapi/1.12.0.Final/quarkus-smallrye-openapi-1.12.0.Final.jar:/Users/nag/.m2/repository/io/smallrye/smallrye-open-api-core/2.0.22/smallrye-open-api-core-2.0.22.jar:/Users/nag/.m2/repository/org/eclipse/microprofile/openapi/microprofile-openapi-api/1.1.2/microprofile-openapi-api-1.1.2.jar:/Users/nag/.m2/repository/org/eclipse/microprofile/config/microprofile-config-api/1.4/microprofile-config-api-1.4.jar:/Users/nag/.m2/repository/com/fasterxml/jackson/dataformat/jackson-dataformat-yaml/2.12.1/jackson-dataformat-yaml-2.12.1.jar:/Users/nag/.m2/repository/org/yaml/snakeyaml/1.27/snakeyaml-1.27.jar:/Users/nag/.m2/repository/org/jboss/jandex/2.2.3.Final/jandex-2.2.3.Final.jar:/Users/nag/.m2/repository/io/quarkus/quarkus-swagger-ui/1.12.0.Final/quarkus-swagger-ui-1.12.0.Final.jar:/Users/nag/.m2/repository/io/quarkus/quarkus-smallrye-health/1.12.0.Final/quarkus-smallrye-health-1.12.0.Final.jar:/Users/nag/.m2/repository/io/smallrye/smallrye-health/2.2.5/smallrye-health-2.2.5.jar:/Users/nag/.m2/repository/org/eclipse/microprofile/health/microprofile-health-api/2.2/microprofile-health-api-2.2.jar:/Users/nag/.m2/repository/io/smallrye/smallrye-health-api/2.2.5/smallrye-health-api-2.2.5.jar:/Users/nag/.m2/repository/io/smallrye/smallrye-health-provided-checks/2.2.5/smallrye-health-provided-checks-2.2.5.jar:/Users/nag/.m2/repository/io/quarkus/quarkus-jsonp/1.12.0.Final/quarkus-jsonp-1.12.0.Final.jar:/Users/nag/.m2/repository/io/quarkus/quarkus-smallrye-metrics/1.12.0.Final/quarkus-smallrye-metrics-1.12.0.Final.jar:/Users/nag/.m2/repository/io/smallrye/smallrye-metrics/2.4.5/smallrye-metrics-2.4.5.jar:/Users/nag/.m2/repository/io/smallrye/smallrye-metrics-api/2.4.5/smallrye-metrics-api-2.4.5.jar:/Users/nag/.m2/repository/org/eclipse/microprofile/metrics/microprofile-metrics-api/2.3/microprofile-metrics-api-2.3.jar:/Users/nag/.m2/repository/io/quarkus/quarkus-junit5/1.12.0.Final/quarkus-junit5-1.12.0.Final.jar:/Users/nag/.m2/repository/io/quarkus/quarkus-bootstrap-core/1.12.0.Final/quarkus-bootstrap-core-1.12.0.Final.jar:/Users/nag/.m2/repository/io/quarkus/quarkus-bootstrap-app-model/1.12.0.Final/quarkus-bootstrap-app-model-1.12.0.Final.jar:/Users/nag/.m2/repository/io/quarkus/quarkus-bootstrap-maven-resolver/1.12.0.Final/quarkus-bootstrap-maven-resolver-1.12.0.Final.jar:/Users/nag/.m2/repository/org/apache/maven/maven-embedder/3.6.3/maven-embedder-3.6.3.jar:/Users/nag/.m2/repository/org/apache/maven/maven-settings/3.6.3/maven-settings-3.6.3.jar:/Users/nag/.m2/repository/org/apache/maven/maven-core/3.6.3/maven-core-3.6.3.jar:/Users/nag/.m2/repository/org/apache/maven/maven-artifact/3.6.3/maven-artifact-3.6.3.jar:/Users/nag/.m2/repository/org/codehaus/plexus/plexus-component-annotations/2.1.0/plexus-component-annotations-2.1.0.jar:/Users/nag/.m2/repository/org/apache/maven/maven-plugin-api/3.6.3/maven-plugin-api-3.6.3.jar:/Users/nag/.m2/repository/org/apache/maven/maven-model/3.6.3/maven-model-3.6.3.jar:/Users/nag/.m2/repository/org/apache/maven/maven-model-builder/3.6.3/maven-model-builder-3.6.3.jar:/Users/nag/.m2/repository/org/apache/maven/maven-builder-support/3.6.3/maven-builder-support-3.6.3.jar:/Users/nag/.m2/repository/org/apache/maven/resolver/maven-resolver-api/1.4.1/maven-resolver-api-1.4.1.jar:/Users/nag/.m2/repository/org/apache/maven/resolver/maven-resolver-util/1.4.1/maven-resolver-util-1.4.1.jar:/Users/nag/.m2/repository/org/apache/maven/shared/maven-shared-utils/3.2.1/maven-shared-utils-3.2.1.jar:/Users/nag/.m2/repository/com/google/inject/guice/4.2.1/guice-4.2.1-no_aop.jar:/Users/nag/.m2/repository/com/google/guava/guava/30.1-jre/guava-30.1-jre.jar:/Users/nag/.m2/repository/com/google/guava/failureaccess/1.0.1/failureaccess-1.0.1.jar:/Users/nag/.m2/repository/com/google/guava/listenablefuture/9999.0-empty-to-avoid-conflict-with-guava/listenablefuture-9999.0-empty-to-avoid-conflict-with-guava.jar:/Users/nag/.m2/repository/org/codehaus/plexus/plexus-utils/3.2.1/plexus-utils-3.2.1.jar:/Users/nag/.m2/repository/org/codehaus/plexus/plexus-classworlds/2.6.0/plexus-classworlds-2.6.0.jar:/Users/nag/.m2/repository/commons-cli/commons-cli/1.4/commons-cli-1.4.jar:/Users/nag/.m2/repository/org/eclipse/sisu/org.eclipse.sisu.plexus/0.3.4/org.eclipse.sisu.plexus-0.3.4.jar:/Users/nag/.m2/repository/org/apache/maven/maven-settings-builder/3.6.3/maven-settings-builder-3.6.3.jar:/Users/nag/.m2/repository/org/codehaus/plexus/plexus-interpolation/1.25/plexus-interpolation-1.25.jar:/Users/nag/.m2/repository/org/sonatype/plexus/plexus-sec-dispatcher/1.4/plexus-sec-dispatcher-1.4.jar:/Users/nag/.m2/repository/org/sonatype/plexus/plexus-cipher/1.4/plexus-cipher-1.4.jar:/Users/nag/.m2/repository/org/apache/maven/maven-resolver-provider/3.6.3/maven-resolver-provider-3.6.3.jar:/Users/nag/.m2/repository/org/apache/maven/maven-repository-metadata/3.6.3/maven-repository-metadata-3.6.3.jar:/Users/nag/.m2/repository/org/apache/maven/resolver/maven-resolver-spi/1.4.1/maven-resolver-spi-1.4.1.jar:/Users/nag/.m2/repository/org/apache/maven/resolver/maven-resolver-impl/1.4.1/maven-resolver-impl-1.4.1.jar:/Users/nag/.m2/repository/org/apache/maven/resolver/maven-resolver-connector-basic/1.4.1/maven-resolver-connector-basic-1.4.1.jar:/Users/nag/.m2/repository/org/apache/maven/resolver/maven-resolver-transport-wagon/1.4.1/maven-resolver-transport-wagon-1.4.1.jar:/Users/nag/.m2/repository/org/apache/maven/wagon/wagon-http/3.3.4/wagon-http-3.3.4.jar:/Users/nag/.m2/repository/org/apache/maven/wagon/wagon-http-shared/3.3.4/wagon-http-shared-3.3.4.jar:/Users/nag/.m2/repository/org/jsoup/jsoup/1.12.1/jsoup-1.12.1.jar:/Users/nag/.m2/repository/org/apache/maven/wagon/wagon-provider-api/3.3.4/wagon-provider-api-3.3.4.jar:/Users/nag/.m2/repository/org/apache/maven/wagon/wagon-file/3.3.4/wagon-file-3.3.4.jar:/Users/nag/.m2/repository/io/quarkus/quarkus-bootstrap-gradle-resolver/1.12.0.Final/quarkus-bootstrap-gradle-resolver-1.12.0.Final.jar:/Users/nag/.m2/repository/io/smallrye/common/smallrye-common-io/1.5.0/smallrye-common-io-1.5.0.jar:/Users/nag/.m2/repository/org/eclipse/sisu/org.eclipse.sisu.inject/0.3.4/org.eclipse.sisu.inject-0.3.4.jar:/Users/nag/.m2/repository/io/quarkus/quarkus-test-common/1.12.0.Final/quarkus-test-common-1.12.0.Final.jar:/Users/nag/.m2/repository/io/quarkus/quarkus-core-deployment/1.12.0.Final/quarkus-core-deployment-1.12.0.Final.jar:/Users/nag/.m2/repository/io/quarkus/gizmo/gizmo/1.0.6.Final/gizmo-1.0.6.Final.jar:/Users/nag/.m2/repository/org/ow2/asm/asm-util/9.0/asm-util-9.0.jar:/Users/nag/.m2/repository/org/ow2/asm/asm-tree/9.0/asm-tree-9.0.jar:/Users/nag/.m2/repository/org/ow2/asm/asm-analysis/9.0/asm-analysis-9.0.jar:/Users/nag/.m2/repository/org/ow2/asm/asm/9.0/asm-9.0.jar:/Users/nag/.m2/repository/io/quarkus/quarkus-class-change-agent/1.12.0.Final/quarkus-class-change-agent-1.12.0.Final.jar:/Users/nag/.m2/repository/io/quarkus/quarkus-devtools-utilities/1.12.0.Final/quarkus-devtools-utilities-1.12.0.Final.jar:/Users/nag/.m2/repository/io/quarkus/quarkus-builder/1.12.0.Final/quarkus-builder-1.12.0.Final.jar:/Users/nag/.m2/repository/io/quarkus/quarkus-jsonp-deployment/1.12.0.Final/quarkus-jsonp-deployment-1.12.0.Final.jar:/Users/nag/.m2/repository/org/jboss/logging/commons-logging-jboss-logging/1.0.0.Final/commons-logging-jboss-logging-1.0.0.Final.jar:/Users/nag/.m2/repository/org/junit/jupiter/junit-jupiter/5.7.1/junit-jupiter-5.7.1.jar:/Users/nag/.m2/repository/org/junit/jupiter/junit-jupiter-params/5.7.1/junit-jupiter-params-5.7.1.jar:/Users/nag/.m2/repository/org/junit/jupiter/junit-jupiter-engine/5.7.1/junit-jupiter-engine-5.7.1.jar:/Users/nag/.m2/repository/org/junit/platform/junit-platform-engine/1.7.1/junit-platform-engine-1.7.1.jar:/Users/nag/.m2/repository/com/thoughtworks/xstream/xstream/1.4.15/xstream-1.4.15.jar:/Users/nag/.m2/repository/xmlpull/xmlpull/1.1.3.1/xmlpull-1.1.3.1.jar:/Users/nag/.m2/repository/xpp3/xpp3_min/1.1.4c/xpp3_min-1.1.4c.jar:/Users/nag/.m2/repository/io/rest-assured/rest-assured/4.3.3/rest-assured-4.3.3.jar:/Users/nag/.m2/repository/org/codehaus/groovy/groovy/3.0.5/groovy-3.0.5.jar:/Users/nag/.m2/repository/org/codehaus/groovy/groovy-xml/3.0.7/groovy-xml-3.0.7.jar:/Users/nag/.m2/repository/org/apache/httpcomponents/httpclient/4.5.13/httpclient-4.5.13.jar:/Users/nag/.m2/repository/org/apache/httpcomponents/httpcore/4.4.14/httpcore-4.4.14.jar:/Users/nag/.m2/repository/commons-codec/commons-codec/1.14/commons-codec-1.14.jar:/Users/nag/.m2/repository/org/apache/httpcomponents/httpmime/4.5.13/httpmime-4.5.13.jar:/Users/nag/.m2/repository/org/hamcrest/hamcrest/2.1/hamcrest-2.1.jar:/Users/nag/.m2/repository/org/ccil/cowan/tagsoup/tagsoup/1.2.1/tagsoup-1.2.1.jar:/Users/nag/.m2/repository/io/rest-assured/json-path/4.3.3/json-path-4.3.3.jar:/Users/nag/.m2/repository/org/codehaus/groovy/groovy-json/3.0.5/groovy-json-3.0.5.jar:/Users/nag/.m2/repository/io/rest-assured/rest-assured-common/4.3.3/rest-assured-common-4.3.3.jar:/Users/nag/.m2/repository/io/rest-assured/xml-path/4.3.3/xml-path-4.3.3.jar:/Users/nag/.m2/repository/org/apache/commons/commons-lang3/3.11/commons-lang3-3.11.jar:/Users/nag/.m2/repository/jakarta/xml/bind/jakarta.xml.bind-api/2.3.3/jakarta.xml.bind-api-2.3.3.jar:/Users/nag/.m2/repository/jakarta/activation/jakarta.activation-api/1.2.1/jakarta.activation-api-1.2.1.jar:/Users/nag/.m2/repository/com/sun/xml/bind/jaxb-impl/2.3.3/jaxb-impl-2.3.3.jar:/Users/nag/.m2/repository/com/fasterxml/jackson/core/jackson-databind/2.12.1/jackson-databind-2.12.1.jar:/Users/nag/.m2/repository/com/fasterxml/jackson/core/jackson-annotations/2.12.1/jackson-annotations-2.12.1.jar:/Users/nag/.m2/repository/com/fasterxml/jackson/core/jackson-core/2.12.1/jackson-core-2.12.1.jar:/Users/nag/.m2/repository/org/testcontainers/junit-jupiter/1.15.2/junit-jupiter-1.15.2.jar:/Users/nag/.m2/repository/org/testcontainers/testcontainers/1.15.2/testcontainers-1.15.2.jar:/Users/nag/.m2/repository/junit/junit/4.13.1/junit-4.13.1.jar:/Users/nag/.m2/repository/org/hamcrest/hamcrest-core/1.3/hamcrest-core-1.3.jar:/Users/nag/.m2/repository/org/apache/commons/commons-compress/1.20/commons-compress-1.20.jar:/Users/nag/.m2/repository/org/rnorth/duct-tape/duct-tape/1.0.8/duct-tape-1.0.8.jar:/Users/nag/.m2/repository/org/rnorth/visible-assertions/visible-assertions/2.1.2/visible-assertions-2.1.2.jar:/Users/nag/.m2/repository/net/java/dev/jna/jna/5.3.1/jna-5.3.1.jar:/Users/nag/.m2/repository/com/github/docker-java/docker-java-api/3.2.7/docker-java-api-3.2.7.jar:/Users/nag/.m2/repository/com/github/docker-java/docker-java-transport-zerodep/3.2.7/docker-java-transport-zerodep-3.2.7.jar:/Users/nag/.m2/repository/com/github/docker-java/docker-java-transport/3.2.7/docker-java-transport-3.2.7.jar:/Users/nag/.m2/repository/org/junit/jupiter/junit-jupiter-api/5.7.1/junit-jupiter-api-5.7.1.jar:/Users/nag/.m2/repository/org/apiguardian/apiguardian-api/1.1.0/apiguardian-api-1.1.0.jar:/Users/nag/.m2/repository/org/opentest4j/opentest4j/1.2.0/opentest4j-1.2.0.jar:/Users/nag/.m2/repository/org/junit/platform/junit-platform-commons/1.7.1/junit-platform-commons-1.7.1.jar:/Users/nag/.m2/repository/org/testcontainers/postgresql/1.15.2/postgresql-1.15.2.jar:/Users/nag/.m2/repository/org/testcontainers/jdbc/1.15.2/jdbc-1.15.2.jar:/Users/nag/.m2/repository/org/testcontainers/database-commons/1.15.2/database-commons-1.15.2.jar:"/>
    <property name="sun.cpu.endian" value="little"/>
    <property name="user.home" value="/Users/nag"/>
    <property name="user.language" value="en"/>
    <property name="java.specification.vendor" value="Oracle Corporation"/>
    <property name="java.version.date" value="2020-10-20"/>
    <property name="java.home" value="/usr/local/Cellar/openjdk/15.0.1/libexec/openjdk.jdk/Contents/Home"/>
    <property name="file.separator" value="/"/>
    <property name="basedir" value="/Users/nag/Desktop/quarkus-batch/super-heroes/rest-hero"/>
    <property name="java.vm.compressedOopsMode" value="Zero based"/>
    <property name="line.separator" value="&#10;"/>
    <property name="java.specification.name" value="Java Platform API Specification"/>
    <property name="java.vm.specification.vendor" value="Oracle Corporation"/>
    <property name="surefire.real.class.path" value="/Users/nag/Desktop/quarkus-batch/super-heroes/rest-hero/target/surefire/surefirebooter16694719840402182854.jar"/>
    <property name="sun.management.compiler" value="HotSpot 64-Bit Tiered Compilers"/>
    <property name="ftp.nonProxyHosts" value="local|*.local|169.254/16|*.169.254/16"/>
    <property name="java.runtime.version" value="15.0.1+9"/>
    <property name="user.name" value="nag"/>
    <property name="path.separator" value=":"/>
    <property name="os.version" value="10.15.7"/>
    <property name="java.runtime.name" value="OpenJDK Runtime Environment"/>
    <property name="file.encoding" value="UTF-8"/>
    <property name="java.vm.name" value="OpenJDK 64-Bit Server VM"/>
    <property name="localRepository" value="/Users/nag/.m2/repository"/>
    <property name="java.vendor.url.bug" value="https://bugreport.java.com/bugreport/"/>
    <property name="java.io.tmpdir" value="/var/folders/c9/r6lz6dhn53lcbvkn_g5vprdm0000gn/T/"/>
    <property name="java.version" value="15.0.1"/>
    <property name="user.dir" value="/Users/nag/Desktop/quarkus-batch/super-heroes/rest-hero"/>
    <property name="os.arch" value="x86_64"/>
    <property name="java.vm.specification.name" value="Java Virtual Machine Specification"/>
    <property name="java.util.logging.manager" value="org.jboss.logmanager.LogManager"/>
    <property name="java.library.path" value="/Users/nag/Library/Java/Extensions:/Library/Java/Extensions:/Network/Library/Java/Extensions:/System/Library/Java/Extensions:/usr/lib/java:."/>
    <property name="java.vm.info" value="mixed mode, sharing"/>
    <property name="java.vendor" value="N/A"/>
    <property name="java.vm.version" value="15.0.1+9"/>
    <property name="sun.io.unicode.encoding" value="UnicodeBig"/>
    <property name="socksNonProxyHosts" value="local|*.local|169.254/16|*.169.254/16"/>
    <property name="java.class.version" value="59.0"/>
  </properties>
  <testcase name="shouldGetInitialItems" classname="io.quarkus.workshop.superheroes.hero.HeroResourceTest" time="1.586"/>
  <testcase name="shouldAddAnItem" classname="io.quarkus.workshop.superheroes.hero.HeroResourceTest" time="0.684"/>
  <testcase name="shouldUpdateAnItem" classname="io.quarkus.workshop.superheroes.hero.HeroResourceTest" time="0.147"/>
  <testcase name="shouldRemoveAnItem" classname="io.quarkus.workshop.superheroes.hero.HeroResourceTest" time="0.107"/>
  <testcase name="shouldPingSwaggerUI" classname="io.quarkus.workshop.superheroes.hero.HeroResourceTest" time="0.031"/>
  <testcase name="shouldPingMetrics" classname="io.quarkus.workshop.superheroes.hero.HeroResourceTest" time="0.062"/>
  <testcase name="shouldGetRandomHero" classname="io.quarkus.workshop.superheroes.hero.HeroResourceTest" time="0.022"/>
  <testcase name="shouldPingReadiness" classname="io.quarkus.workshop.superheroes.hero.HeroResourceTest" time="0.058"/>
  <testcase name="shouldNotAddInvalidItem" classname="io.quarkus.workshop.superheroes.hero.HeroResourceTest" time="0.031"/>
  <testcase name="shouldPingLiveness" classname="io.quarkus.workshop.superheroes.hero.HeroResourceTest" time="0.028"/>
  <testcase name="shouldNotGetUnknownHero" classname="io.quarkus.workshop.superheroes.hero.HeroResourceTest" time="0.021"/>
  <testcase name="testHelloEndpoint" classname="io.quarkus.workshop.superheroes.hero.HeroResourceTest" time="0.031"/>
  <testcase name="shouldPingOpenAPI" classname="io.quarkus.workshop.superheroes.hero.HeroResourceTest" time="0.08"/>
</testsuite>